<?xml version="1.0" encoding="UTF-8"?>
<!-- Generated by org.testng.reporters.JUnitReportReporter -->
<testsuite hostname="BINTERNS-QA35L" failures="0" tests="14" name="testmethod.Pharmeasy_plusmodule" time="43.361" errors="0" timestamp="2023-05-19T14:52:23 IST" skipped="0">
  <testcase classname="testmethod.Pharmeasy_plusmodule" name="Plus" time="2.928"/>
  <system-out/>
  <testcase classname="testmethod.Pharmeasy_plusmodule" name="Logo" time="0.030"/>
  <system-out/>
  <testcase classname="testmethod.Pharmeasy_plusmodule" name="Exclusive" time="1.044"/>
  <system-out/>
  <testcase classname="testmethod.Pharmeasy_plusmodule" name="Coupon" time="1.101"/>
  <system-out/>
  <testcase classname="testmethod.Pharmeasy_plusmodule" name="Login" time="21.324"/>
  <system-out/>
  <testcase classname="testmethod.Pharmeasy_plusmodule" name="Plan" time="1.046"/>
  <system-out/>
  <testcase classname="testmethod.Pharmeasy_plusmodule" name="Plan_membership" time="1.064"/>
  <system-out/>
  <testcase classname="testmethod.Pharmeasy_plusmodule" name="Add_cart" time="2.892"/>
  <system-out/>
  <testcase classname="testmethod.Pharmeasy_plusmodule" name="Plus_reback" time="2.698"/>
  <system-out/>
  <testcase classname="testmethod.Pharmeasy_plusmodule" name="Spending" time="0.024"/>
  <system-out/>
  <testcase classname="testmethod.Pharmeasy_plusmodule" name="Sure" time="1.063"/>
  <system-out/>
  <testcase classname="testmethod.Pharmeasy_plusmodule" name="User" time="1.520"/>
  <system-out/>
  <testcase classname="testmethod.Pharmeasy_plusmodule" name="Wallet" time="5.509"/>
  <system-out/>
  <testcase classname="testmethod.Pharmeasy_plusmodule" name="Work" time="1.118"/>
  <system-out/>
</testsuite> <!-- testmethod.Pharmeasy_plusmodule -->
